<?xml version="1.0" encoding="UTF-8"?>
<testsuite xmlns:xsi="http://www.w3.org/2001/XMLSchema-instance" xsi:noNamespaceSchemaLocation="https://maven.apache.org/surefire/maven-surefire-plugin/xsd/surefire-test-report-3.0.xsd" version="3.0" name="voce.aluga.testes.ClienteTests" time="10.861" tests="1" errors="0" skipped="0" failures="0">
  <properties>
[...]
</properties>
  <testcase name="testeFuncionalSalvarBuscarCliente" classname="voce.aluga.testes.ClienteTests" time="1.247">
    <system-out><![CDATA[
  .   ____          _            __ _ _
 /\\ / ___'_ __ _ _(_)_ __  __ _ \ \ \ \
( ( )\___ | '_ | '_| | '_ \/ _` | \ \ \ \
 \\/  ___)| |_)| | | | | || (_| |  ) ) ) )
  '  |____| .__|_| |_|_| |_\__, | / / / /
 =========|_|==============|___/=/_/_/_/
 :: Spring Boot ::                (v3.2.5)

2025-07-02T22:16:38.063-03:00  INFO 17100 --- [           main] voce.aluga.testes.ClienteTests           : Starting ClienteTests using Java 21.0.1 with PID 17100 (started by Maria in C:\todosmeusarquivos\Engenharia\branchmaria\voce-aluga\voce-aluga)
2025-07-02T22:16:38.065-03:00  INFO 17100 --- [           main] voce.aluga.testes.ClienteTests           : The following 1 profile is active: "test"
2025-07-02T22:16:39.397-03:00  INFO 17100 --- [           main] .s.d.r.c.RepositoryConfigurationDelegate : Bootstrapping Spring Data JPA repositories in DEFAULT mode.
2025-07-02T22:16:39.537-03:00  INFO 17100 --- [           main] .s.d.r.c.RepositoryConfigurationDelegate : Finished Spring Data repository scanning in 123 ms. Found 7 JPA repository interfaces.
2025-07-02T22:16:40.971-03:00  INFO 17100 --- [           main] o.hibernate.jpa.internal.util.LogHelper  : HHH000204: Processing PersistenceUnitInfo [name: default]
2025-07-02T22:16:41.161-03:00  INFO 17100 --- [           main] org.hibernate.Version                    : HHH000412: Hibernate ORM core version 6.4.4.Final
2025-07-02T22:16:41.240-03:00  INFO 17100 --- [           main] o.h.c.internal.RegionFactoryInitiator    : HHH000026: Second-level cache disabled
2025-07-02T22:16:42.219-03:00  INFO 17100 --- [           main] o.s.o.j.p.SpringPersistenceUnitInfo      : No LoadTimeWeaver setup: ignoring JPA class transformer
2025-07-02T22:16:42.265-03:00  INFO 17100 --- [           main] com.zaxxer.hikari.HikariDataSource       : HikariPool-1 - Starting...
2025-07-02T22:16:43.495-03:00  INFO 17100 --- [           main] com.zaxxer.hikari.pool.HikariPool        : HikariPool-1 - Added connection conn0: url=jdbc:h2:mem:testdb user=SA
2025-07-02T22:16:43.497-03:00  INFO 17100 --- [           main] com.zaxxer.hikari.HikariDataSource       : HikariPool-1 - Start completed.
2025-07-02T22:16:43.530-03:00  WARN 17100 --- [           main] org.hibernate.orm.deprecation            : HHH90000025: H2Dialect does not need to be specified explicitly using 'hibernate.dialect' (remove the property setting and it will be selected by default)
2025-07-02T22:16:44.928-03:00  INFO 17100 --- [           main] o.h.e.t.j.p.i.JtaPlatformInitiator       : HHH000489: No JTA platform available (set 'hibernate.transaction.jta.platform' to enable JTA platform integration)
Hibernate: drop table if exists administrador cascade 
Hibernate: drop table if exists auditoria cascade 
Hibernate: drop table if exists cliente cascade 
Hibernate: drop table if exists contrato cascade 
Hibernate: drop table if exists devolucao cascade 
Hibernate: drop table if exists estoque cascade 
Hibernate: drop table if exists estoque_veiculos_alocados cascade 
Hibernate: drop table if exists estoque_veiculos_alugados cascade 
Hibernate: drop table if exists estoque_veiculos_disponiveis cascade 
Hibernate: drop table if exists estoque_veiculos_manutencao cascade 
Hibernate: drop table if exists usuario cascade 
Hibernate: create table administrador (id bigint not null, primary key (id))
Hibernate: create table auditoria (data_auditoria date, id integer generated by default as identity, sistema_id integer not null, historico varchar(255), nome_usuario varchar(255), procedimento varchar(255) not null, primary key (id))
Hibernate: create table cliente (lista_suja boolean, id bigint not null, cpf varchar(14) not null unique, cnh varchar(20) not null unique, documento varchar(50) not null, fidelidade varchar(255), primary key (id))
Hibernate: create table contrato (data_assinatura date, id integer generated by default as identity, valor float(24), status varchar(50), termos TEXT, primary key (id))
Hibernate: create table devolucao (avarias boolean, id integer generated by default as identity, reserva_id integer, veiculo_id integer, status varchar(50) not null, anotacoes TEXT, primary key (id))
Hibernate: create table estoque (filial_id integer not null unique, id integer generated by default as identity, total_veiculos integer not null unique, primary key (id))
Hibernate: create table estoque_veiculos_alocados (estoque_id integer not null, veiculos_alocados integer not null unique)
Hibernate: create table estoque_veiculos_alugados (estoque_id integer not null, veiculos_alugados integer not null unique)
Hibernate: create table estoque_veiculos_disponiveis (estoque_id integer not null, veiculos_disponiveis integer not null unique)
Hibernate: create table estoque_veiculos_manutencao (estoque_id integer not null, veiculos_manutencao integer not null unique)
Hibernate: create table usuario (id bigint generated by default as identity, email varchar(255) not null unique, endereco varchar(255) not null unique, nome varchar(255) not null, senha varchar(255) not null, primary key (id))
Hibernate: alter table if exists administrador add constraint FK2pojw9weqmkc0476cs86vyyrb foreign key (id) references usuario
Hibernate: alter table if exists cliente add constraint FKsitxst8o302fspskxfjatuyrl foreign key (id) references usuario
Hibernate: alter table if exists estoque_veiculos_alocados add constraint FKnei49pbd9x2t6y03mn29ehf4r foreign key (estoque_id) references estoque
Hibernate: alter table if exists estoque_veiculos_alugados add constraint FKnark40vt35ea3x6pv774cpn6k foreign key (estoque_id) references estoque
Hibernate: alter table if exists estoque_veiculos_disponiveis add constraint FK150yp57d9kqhou0p3y7gauste foreign key (estoque_id) references estoque
Hibernate: alter table if exists estoque_veiculos_manutencao add constraint FK266a7uotxjmidsxvtv5k3piqx foreign key (estoque_id) references estoque
2025-07-02T22:16:45.045-03:00  INFO 17100 --- [           main] j.LocalContainerEntityManagerFactoryBean : Initialized JPA EntityManagerFactory for persistence unit 'default'
2025-07-02T22:16:45.982-03:00  WARN 17100 --- [           main] JpaBaseConfiguration$JpaWebConfiguration : spring.jpa.open-in-view is enabled by default. Therefore, database queries may be performed during view rendering. Explicitly configure spring.jpa.open-in-view to disable this warning
2025-07-02T22:16:46.495-03:00  INFO 17100 --- [           main] o.s.b.a.h2.H2ConsoleAutoConfiguration    : H2 console available at '/h2-console'. Database available at 'jdbc:h2:mem:testdb'
2025-07-02T22:16:46.604-03:00  INFO 17100 --- [           main] voce.aluga.testes.ClienteTests           : Started ClienteTests in 8.99 seconds (process running for 10.468)
Hibernate: insert into usuario (email,endereco,nome,senha,id) values (?,?,?,?,default)
Hibernate: insert into cliente (cnh,cpf,documento,fidelidade,lista_suja,id) values (?,?,?,?,?,?)
Hibernate: select c1_0.id,c1_1.email,c1_1.endereco,c1_1.nome,c1_1.senha,c1_0.cnh,c1_0.cpf,c1_0.documento,c1_0.fidelidade,c1_0.lista_suja from cliente c1_0 join usuario c1_1 on c1_0.id=c1_1.id where c1_0.id=?
]]></system-out>
    <system-err><![CDATA[WARNING: A Java agent has been loaded dynamically (C:\Users\Maria\.m2\repository\net\bytebuddy\byte-buddy-agent\1.14.13\byte-buddy-agent-1.14.13.jar)
WARNING: If a serviceability tool is in use, please run with -XX:+EnableDynamicAgentLoading to hide this warning
WARNING: If a serviceability tool is not in use, please run with -Djdk.instrument.traceUsage for more information
WARNING: Dynamic loading of agents will be disallowed by default in a future release
]]></system-err>
  </testcase>
</testsuite>